<?xml version="1.0" encoding="UTF-8"?>
<!-- Generated by org.testng.reporters.JUnitXMLReporter -->
<testsuite ignored="0" hostname="DESKTOP-I4T9O2R" failures="1" tests="1" name="Surefire test" time="0.101" errors="0" timestamp="2025-09-13T15:55:03 IST">
  <testcase classname="com.sample.testApp" name="sampleTestmethod" time="0.018">
    <failure type="java.lang.NullPointerException" message="Cannot invoke &amp;quot;com.aventstack.extentreports.ExtentReports.createTest(String)&amp;quot; because &amp;quot;com.sample.testApp.report&amp;quot; is null">
      <![CDATA[java.lang.NullPointerException: Cannot invoke "com.aventstack.extentreports.ExtentReports.createTest(String)" because "com.sample.testApp.report" is null
at com.sample.testApp.sampleTestmethod(testApp.java:14)
at java.base/java.util.ArrayList.forEach(ArrayList.java:1597)
... Removed 30 stack frames]]>
    </failure>
  </testcase> <!-- sampleTestmethod -->
</testsuite> <!-- Surefire test -->
